-source
1.5
-target
1.5
-classpath
C:\Users\hburgh\.m2\repository\com\googlecode\jtype\com.springsource.com.googlecode.jtype\0.1.0\com.springsource.com.googlecode.jtype-0.1.0.jar;C:\Users\hburgh\.m2\repository\com\mysql\jdbc\com.springsource.com.mysql.jdbc\5.1.6\com.springsource.com.mysql.jdbc-5.1.6.jar;C:\Users\hburgh\.m2\repository\edu\emory\mathcs\backport\com.springsource.edu.emory.mathcs.backport\3.1.0\com.springsource.edu.emory.mathcs.backport-3.1.0.jar;C:\Users\hburgh\.m2\repository\edu\oswego\cs\concurrent\com.springsource.edu.oswego.cs.dl.util.concurrent\1.3.4\com.springsource.edu.oswego.cs.dl.util.concurrent-1.3.4.jar;C:\Users\hburgh\.m2\repository\javax\persistence\com.springsource.javax.persistence\1.0.0\com.springsource.javax.persistence-1.0.0.jar;C:\Users\hburgh\.m2\repository\javax\servlet\com.springsource.javax.servlet\2.5.0\com.springsource.javax.servlet-2.5.0.jar;C:\Users\hburgh\.m2\repository\javax\servlet\com.springsource.javax.servlet.jsp.jstl\1.2.0\com.springsource.javax.servlet.jsp.jstl-1.2.0.jar;C:\Users\hburgh\.m2\repository\javax\transaction\com.springsource.javax.transaction\1.1.0\com.springsource.javax.transaction-1.1.0.jar;C:\Users\hburgh\.m2\repository\javax\validation\com.springsource.javax.validation\1.0.0.CR1\com.springsource.javax.validation-1.0.0.CR1.jar;C:\Users\hburgh\.m2\repository\net\sourceforge\cglib\com.springsource.net.sf.cglib\2.1.3\com.springsource.net.sf.cglib-2.1.3.jar;C:\Users\hburgh\.m2\repository\net\sourceforge\ehcache\com.springsource.net.sf.ehcache\1.4.1\com.springsource.net.sf.ehcache-1.4.1.jar;C:\Users\hburgh\.m2\repository\net\sourceforge\jsr107cache\com.springsource.net.sf.jsr107cache\1.0.0\com.springsource.net.sf.jsr107cache-1.0.0.jar;C:\Users\hburgh\.m2\repository\org\antlr\com.springsource.antlr\2.7.6\com.springsource.antlr-2.7.6.jar;C:\Users\hburgh\.m2\repository\org\antlr\com.springsource.org.antlr\3.0.1\com.springsource.org.antlr-3.0.1.jar;C:\Users\hburgh\.m2\repository\org\aopalliance\com.springsource.org.aopalliance\1.0.0\com.springsource.org.aopalliance-1.0.0.jar;C:\Users\hburgh\.m2\repository\org\apache\commons\com.springsource.org.apache.commons.collections\3.2.0\com.springsource.org.apache.commons.collections-3.2.0.jar;C:\Users\hburgh\.m2\repository\org\apache\commons\com.springsource.org.apache.commons.dbcp\1.2.2.osgi\com.springsource.org.apache.commons.dbcp-1.2.2.osgi.jar;C:\Users\hburgh\.m2\repository\org\apache\commons\com.springsource.org.apache.commons.fileupload\1.2.0\com.springsource.org.apache.commons.fileupload-1.2.0.jar;C:\Users\hburgh\.m2\repository\org\apache\commons\com.springsource.org.apache.commons.io\1.4.0\com.springsource.org.apache.commons.io-1.4.0.jar;C:\Users\hburgh\.m2\repository\org\apache\commons\com.springsource.org.apache.commons.logging\1.1.1\com.springsource.org.apache.commons.logging-1.1.1.jar;C:\Users\hburgh\.m2\repository\org\apache\commons\com.springsource.org.apache.commons.pool\1.3.0\com.springsource.org.apache.commons.pool-1.3.0.jar;C:\Users\hburgh\.m2\repository\org\apache\log4j\com.springsource.org.apache.log4j\1.2.15\com.springsource.org.apache.log4j-1.2.15.jar;C:\Users\hburgh\.m2\repository\org\apache\taglibs\com.springsource.org.apache.taglibs.standard\1.1.2\com.springsource.org.apache.taglibs.standard-1.1.2.jar;C:\Users\hburgh\.m2\repository\org\aspectj\com.springsource.org.aspectj.runtime\1.6.3.RELEASE\com.springsource.org.aspectj.runtime-1.6.3.RELEASE.jar;C:\Users\hburgh\.m2\repository\org\aspectj\com.springsource.org.aspectj.tools\1.6.3.RELEASE\com.springsource.org.aspectj.tools-1.6.3.RELEASE.jar;C:\Users\hburgh\.m2\repository\org\aspectj\com.springsource.org.aspectj.weaver\1.6.3.RELEASE\com.springsource.org.aspectj.weaver-1.6.3.RELEASE.jar;C:\Users\hburgh\.m2\repository\org\dom4j\com.springsource.org.dom4j\1.6.1\com.springsource.org.dom4j-1.6.1.jar;C:\Users\hburgh\.m2\repository\org\hibernate\com.springsource.org.hibernate\3.2.6.ga\com.springsource.org.hibernate-3.2.6.ga.jar;C:\Users\hburgh\.m2\repository\org\hibernate\com.springsource.org.hibernate.annotations\3.3.1.ga\com.springsource.org.hibernate.annotations-3.3.1.ga.jar;C:\Users\hburgh\.m2\repository\org\hibernate\com.springsource.org.hibernate.annotations.common\3.3.0.ga\com.springsource.org.hibernate.annotations.common-3.3.0.ga.jar;C:\Users\hburgh\.m2\repository\org\hibernate\com.springsource.org.hibernate.ejb\3.3.2.GA\com.springsource.org.hibernate.ejb-3.3.2.GA.jar;C:\Users\hburgh\.m2\repository\org\hibernate\com.springsource.org.hibernate.validator\4.0.0.Alpha3\com.springsource.org.hibernate.validator-4.0.0.Alpha3.jar;C:\Users\hburgh\.m2\repository\org\jboss\javassist\com.springsource.javassist\3.3.0.ga\com.springsource.javassist-3.3.0.ga.jar;C:\Users\hburgh\.m2\repository\org\jboss\util\com.springsource.org.jboss.util\2.0.4.GA\com.springsource.org.jboss.util-2.0.4.GA.jar;C:\Users\hburgh\.m2\repository\org\objectweb\asm\com.springsource.org.objectweb.asm\1.5.3\com.springsource.org.objectweb.asm-1.5.3.jar;C:\Users\hburgh\.m2\repository\org\objectweb\asm\com.springsource.org.objectweb.asm.attrs\1.5.3\com.springsource.org.objectweb.asm.attrs-1.5.3.jar;C:\Users\hburgh\.m2\repository\org\slf4j\com.springsource.slf4j.api\1.5.6\com.springsource.slf4j.api-1.5.6.jar;C:\Users\hburgh\.m2\repository\org\slf4j\com.springsource.slf4j.log4j\1.5.6\com.springsource.slf4j.log4j-1.5.6.jar;C:\Users\hburgh\.m2\repository\org\springframework\org.springframework.aop\3.0.0.M3\org.springframework.aop-3.0.0.M3.jar;C:\Users\hburgh\.m2\repository\org\springframework\org.springframework.asm\3.0.0.M3\org.springframework.asm-3.0.0.M3.jar;C:\Users\hburgh\.m2\repository\org\springframework\org.springframework.aspects\3.0.0.M3\org.springframework.aspects-3.0.0.M3.jar;C:\Users\hburgh\.m2\repository\org\springframework\org.springframework.beans\3.0.0.M3\org.springframework.beans-3.0.0.M3.jar;C:\Users\hburgh\.m2\repository\org\springframework\org.springframework.context\3.0.0.M3\org.springframework.context-3.0.0.M3.jar;C:\Users\hburgh\.m2\repository\org\springframework\org.springframework.core\3.0.0.M3\org.springframework.core-3.0.0.M3.jar;C:\Users\hburgh\.m2\repository\org\springframework\org.springframework.expression\3.0.0.M3\org.springframework.expression-3.0.0.M3.jar;C:\Users\hburgh\.m2\repository\org\springframework\org.springframework.jdbc\3.0.0.M3\org.springframework.jdbc-3.0.0.M3.jar;C:\Users\hburgh\.m2\repository\org\springframework\org.springframework.orm\3.0.0.M3\org.springframework.orm-3.0.0.M3.jar;C:\Users\hburgh\.m2\repository\org\springframework\org.springframework.oxm\3.0.0.M3\org.springframework.oxm-3.0.0.M3.jar;C:\Users\hburgh\.m2\repository\org\springframework\org.springframework.transaction\3.0.0.M3\org.springframework.transaction-3.0.0.M3.jar;C:\Users\hburgh\.m2\repository\org\springframework\org.springframework.web\3.0.0.M3\org.springframework.web-3.0.0.M3.jar;C:\Users\hburgh\.m2\repository\org\springframework\org.springframework.web.servlet\3.0.0.M3\org.springframework.web.servlet-3.0.0.M3.jar;C:\Users\hburgh\.m2\repository\org\springframework\roo\org.springframework.roo.annotations\1.0.0.M1\org.springframework.roo.annotations-1.0.0.M1.jar;C:\Users\hburgh\.m2\repository\org\springframework\webflow\org.springframework.js\2.0.7.RELEASE\org.springframework.js-2.0.7.RELEASE.jar;C:\Users\hburgh\.m2\repository\org\tuckey\com.springsource.org.tuckey.web.filters.urlrewrite\3.1.0\com.springsource.org.tuckey.web.filters.urlrewrite-3.1.0.jar;C:\Projects\Life4AChild\target\classes
-aspectpath
C:\Users\hburgh\.m2\repository\org\springframework\org.springframework.aspects\3.0.0.M3\org.springframework.aspects-3.0.0.M3.jar
-d
C:\Projects\Life4AChild\target\classes
C:\Projects\Life4AChild\src\main\java\org\lifeforachild\domain\Country_Roo_ToString.aj
C:\Projects\Life4AChild\src\main\java\org\lifeforachild\domain\DiabetesCentre_Roo_JavaBean.aj
C:\Projects\Life4AChild\src\main\java\org\lifeforachild\domain\DiabetesCentre_Roo_ToString.aj
C:\Projects\Life4AChild\src\main\java\org\lifeforachild\domain\Country_Roo_Configurable.aj
C:\Projects\Life4AChild\src\main\java\org\lifeforachild\domain\Child_Roo_Entity.aj
C:\Projects\Life4AChild\src\main\java\org\lifeforachild\domain\Child_Roo_Configurable.aj
C:\Projects\Life4AChild\src\main\java\org\lifeforachild\domain\DiabetesCentreEditor.java
C:\Projects\Life4AChild\src\main\java\org\lifeforachild\domain\DiabetesCentre_Roo_Configurable.aj
C:\Projects\Life4AChild\src\main\java\org\lifeforachild\domain\DiabetesCentre_Roo_Entity.aj
C:\Projects\Life4AChild\src\main\java\org\lifeforachild\web\ClinicalRecordController.java
C:\Projects\Life4AChild\src\main\java\org\lifeforachild\domain\Child_Roo_ToString.aj
C:\Projects\Life4AChild\src\main\java\org\lifeforachild\domain\CountryEditor_Roo_Editor.aj
C:\Projects\Life4AChild\src\main\java\org\lifeforachild\web\ChildController_Roo_Controller.aj
C:\Projects\Life4AChild\src\main\java\org\lifeforachild\domain\ClinicalRecord.java
C:\Projects\Life4AChild\src\main\java\org\lifeforachild\web\DiabetesCentreController_Roo_Controller.aj
C:\Projects\Life4AChild\src\main\java\org\lifeforachild\domain\SexType.java
C:\Projects\Life4AChild\src\main\java\org\lifeforachild\web\CountryController.java
C:\Projects\Life4AChild\src\main\java\org\lifeforachild\domain\DiabetesType.java
C:\Projects\Life4AChild\src\main\java\org\lifeforachild\web\CountryController_Roo_Controller.aj
C:\Projects\Life4AChild\src\main\java\org\lifeforachild\domain\DiabetesCentreEditor_Roo_Editor.aj
C:\Projects\Life4AChild\src\main\java\org\lifeforachild\web\ClinicalRecordController_Roo_Controller.aj
C:\Projects\Life4AChild\src\main\java\org\lifeforachild\domain\Child.java
C:\Projects\Life4AChild\src\main\java\org\lifeforachild\domain\Country.java
C:\Projects\Life4AChild\src\main\java\org\lifeforachild\domain\Country_Roo_Entity.aj
C:\Projects\Life4AChild\src\main\java\org\lifeforachild\web\ChildController.java
C:\Projects\Life4AChild\src\main\java\org\lifeforachild\domain\CountryEditor.java
C:\Projects\Life4AChild\src\main\java\org\lifeforachild\domain\Child_Roo_JavaBean.aj
C:\Projects\Life4AChild\src\main\java\org\lifeforachild\web\DiabetesCentreController.java
C:\Projects\Life4AChild\src\main\java\org\lifeforachild\domain\CauseOfDeathType.java
C:\Projects\Life4AChild\src\main\java\org\lifeforachild\domain\Country_Roo_JavaBean.aj
C:\Projects\Life4AChild\src\main\java\org\lifeforachild\domain\ClinicalRecordEditor_Roo_Editor.aj
C:\Projects\Life4AChild\src\main\java\org\lifeforachild\domain\ClinicalRecordEditor.java
C:\Projects\Life4AChild\src\main\java\org\lifeforachild\domain\SurvivalStatusType.java
C:\Projects\Life4AChild\src\main\java\org\lifeforachild\domain\DiabetesCentre.java
